\BOOKMARK [0][]{chapter*.2}{\376\377\000C\000h\000a\000p\000t\000e\000r\000\040\0004}{}% 1
\BOOKMARK [1][-]{section*.3}{\376\377\000T\000o\000p\000o\000l\000o\000g\000i\000c\000a\000l\000\040\000S\000p\000a\000c\000e\000s}{chapter*.2}% 2
\BOOKMARK [1][-]{section*.4}{\376\377\000B\000a\000s\000i\000s\000\040\000o\000f\000\040\000a\000\040\000T\000o\000p\000o\000l\000o\000g\000y}{chapter*.2}% 3
\BOOKMARK [1][-]{section*.5}{\376\377\000P\000r\000o\000d\000u\000c\000t\000\040\000T\000o\000p\000o\000l\000o\000g\000y}{chapter*.2}% 4
\BOOKMARK [1][-]{section*.6}{\376\377\000U\000r\000y\000s\000o\000h\000n\000'\000s\000\040\000L\000e\000m\000m\000a\000\040\000N\000o\000t\000e\000s}{chapter*.2}% 5
\BOOKMARK [1][-]{section*.7}{\376\377\000E\000x\000e\000r\000c\000i\000s\000e\000s}{chapter*.2}% 6
\BOOKMARK [2][-]{section*.8}{\376\377\000E\000x\000e\000r\000c\000i\000s\000e\000\040\0004\000.\0001}{section*.7}% 7
\BOOKMARK [2][-]{section*.9}{\376\377\000E\000x\000e\000r\000c\000i\000s\000e\000\040\0004\000.\0002}{section*.7}% 8
\BOOKMARK [2][-]{section*.10}{\376\377\000E\000x\000e\000r\000c\000i\000s\000e\000\040\0004\000.\0003}{section*.7}% 9
\BOOKMARK [2][-]{section*.11}{\376\377\000E\000x\000e\000r\000c\000i\000s\000e\000\040\0004\000.\0004}{section*.7}% 10
\BOOKMARK [2][-]{section*.12}{\376\377\000E\000x\000e\000r\000c\000i\000s\000e\000\040\0004\000.\0005}{section*.7}% 11
\BOOKMARK [2][-]{section*.13}{\376\377\000E\000x\000e\000r\000c\000i\000s\000e\000\040\0004\000.\0006}{section*.7}% 12
\BOOKMARK [2][-]{section*.14}{\376\377\000E\000x\000e\000r\000c\000i\000s\000e\000\040\0004\000.\0007}{section*.7}% 13
\BOOKMARK [2][-]{section*.15}{\376\377\000E\000x\000e\000r\000c\000i\000s\000e\000\040\0004\000.\0008}{section*.7}% 14
\BOOKMARK [2][-]{section*.16}{\376\377\000E\000x\000e\000r\000c\000i\000s\000e\000\040\0004\000.\0009}{section*.7}% 15
\BOOKMARK [2][-]{section*.17}{\376\377\000E\000x\000e\000r\000c\000i\000s\000e\000\040\0004\000.\0001\0000}{section*.7}% 16
\BOOKMARK [2][-]{section*.18}{\376\377\000E\000x\000e\000r\000c\000i\000s\000e\000\040\0004\000.\0001\0001}{section*.7}% 17
\BOOKMARK [2][-]{section*.19}{\376\377\000E\000x\000e\000r\000c\000i\000s\000e\000\040\0004\000.\0001\0002}{section*.7}% 18
\BOOKMARK [2][-]{section*.20}{\376\377\000E\000x\000e\000r\000c\000i\000s\000e\000\040\0004\000.\0001\0003}{section*.7}% 19
\BOOKMARK [2][-]{section*.21}{\376\377\000E\000x\000e\000r\000c\000i\000s\000e\000\040\0004\000.\0001\0004}{section*.7}% 20
\BOOKMARK [2][-]{section*.22}{\376\377\000E\000x\000e\000r\000c\000i\000s\000e\000\040\0004\000.\0001\0006}{section*.7}% 21
\BOOKMARK [2][-]{section*.23}{\376\377\000E\000x\000e\000r\000c\000i\000s\000e\000\040\0004\000.\0001\0007}{section*.7}% 22
\BOOKMARK [1][-]{section*.24}{\376\377\000T\000h\000e\000o\000r\000e\000m\000\040\0004\000.\0001}{chapter*.2}% 23
\BOOKMARK [1][-]{section*.25}{\376\377\000T\000h\000e\000o\000r\000e\000m\000\040\0004\000.\0002}{chapter*.2}% 24
\BOOKMARK [1][-]{section*.26}{\376\377\000T\000h\000e\000o\000r\000e\000m\000\040\0004\000.\0003}{chapter*.2}% 25
\BOOKMARK [1][-]{section*.27}{\376\377\000T\000h\000e\000o\000r\000e\000m\000\040\0004\000.\0004}{chapter*.2}% 26
\BOOKMARK [1][-]{section*.28}{\376\377\000T\000h\000e\000o\000r\000e\000m\000\040\0004\000.\0005}{chapter*.2}% 27
\BOOKMARK [1][-]{section*.29}{\376\377\000T\000h\000e\000o\000r\000e\000m\000\040\0004\000.\0006}{chapter*.2}% 28
\BOOKMARK [1][-]{section*.30}{\376\377\000T\000h\000e\000o\000r\000e\000m\000\040\0004\000.\0007}{chapter*.2}% 29
\BOOKMARK [1][-]{section*.31}{\376\377\000T\000h\000e\000o\000r\000e\000m\000\040\0004\000.\0008}{chapter*.2}% 30
\BOOKMARK [1][-]{section*.32}{\376\377\000T\000h\000e\000o\000r\000e\000m\000\040\0004\000.\0009}{chapter*.2}% 31
\BOOKMARK [1][-]{section*.33}{\376\377\000T\000h\000e\000o\000r\000e\000m\000\040\0004\000.\0001\0000}{chapter*.2}% 32
\BOOKMARK [1][-]{section*.34}{\376\377\000T\000h\000e\000o\000r\000e\000m\000\040\0004\000.\0001\0001}{chapter*.2}% 33
\BOOKMARK [1][-]{section*.35}{\376\377\000T\000h\000e\000o\000r\000e\000m\000\040\0004\000.\0001\0002}{chapter*.2}% 34
\BOOKMARK [1][-]{section*.36}{\376\377\000T\000h\000e\000o\000r\000e\000m\000\040\0004\000.\0001\0003}{chapter*.2}% 35
\BOOKMARK [1][-]{section*.37}{\376\377\000T\000h\000e\000o\000r\000e\000m\000\040\0004\000.\0001\0004}{chapter*.2}% 36
\BOOKMARK [1][-]{section*.38}{\376\377\000T\000h\000e\000o\000r\000e\000m\000\040\0004\000.\0001\0005}{chapter*.2}% 37
\BOOKMARK [1][-]{section*.39}{\376\377\000T\000h\000e\000o\000r\000e\000m\000\040\0004\000.\0001\0006}{chapter*.2}% 38
\BOOKMARK [1][-]{section*.40}{\376\377\000T\000h\000e\000o\000r\000e\000m\000\040\0004\000.\0001\0007}{chapter*.2}% 39
\BOOKMARK [1][-]{section*.41}{\376\377\000T\000h\000e\000o\000r\000e\000m\000\040\0004\000.\0001\0008}{chapter*.2}% 40
\BOOKMARK [1][-]{section*.42}{\376\377\000T\000h\000e\000o\000r\000e\000m\000\040\0004\000.\0001\0009}{chapter*.2}% 41
\BOOKMARK [1][-]{section*.43}{\376\377\000T\000h\000e\000o\000r\000e\000m\000\040\0004\000.\0002\0000}{chapter*.2}% 42
\BOOKMARK [1][-]{section*.44}{\376\377\000T\000h\000e\000o\000r\000e\000m\000\040\0004\000.\0002\0001}{chapter*.2}% 43
\BOOKMARK [1][-]{section*.45}{\376\377\000T\000h\000e\000o\000r\000e\000m\000\040\0004\000.\0002\0002}{chapter*.2}% 44
\BOOKMARK [1][-]{section*.46}{\376\377\000T\000h\000e\000o\000r\000e\000m\000\040\0004\000.\0002\0003}{chapter*.2}% 45
\BOOKMARK [1][-]{section*.47}{\376\377\000T\000h\000e\000o\000r\000e\000m\000\040\0004\000.\0002\0004}{chapter*.2}% 46
\BOOKMARK [1][-]{section*.48}{\376\377\000T\000h\000e\000o\000r\000e\000m\000\040\0004\000.\0002\0005}{chapter*.2}% 47
\BOOKMARK [1][-]{section*.49}{\376\377\000T\000h\000e\000o\000r\000e\000m\000\040\0004\000.\0002\0006}{chapter*.2}% 48
\BOOKMARK [1][-]{section*.50}{\376\377\000T\000h\000e\000o\000r\000e\000m\000\040\0004\000.\0002\0007}{chapter*.2}% 49
\BOOKMARK [1][-]{section*.51}{\376\377\000T\000h\000e\000o\000r\000e\000m\000\040\0004\000.\0002\0008}{chapter*.2}% 50
\BOOKMARK [1][-]{section*.52}{\376\377\000T\000h\000e\000o\000r\000e\000m\000\040\0004\000.\0002\0009}{chapter*.2}% 51
\BOOKMARK [1][-]{section*.53}{\376\377\000T\000h\000e\000o\000r\000e\000m\000\040\0004\000.\0003\0000}{chapter*.2}% 52
\BOOKMARK [1][-]{section*.54}{\376\377\000T\000h\000e\000o\000r\000e\000m\000\040\0004\000.\0003\0001}{chapter*.2}% 53
\BOOKMARK [1][-]{section*.55}{\376\377\000T\000h\000e\000o\000r\000e\000m\000\040\0004\000.\0003\0002}{chapter*.2}% 54
\BOOKMARK [1][-]{section*.56}{\376\377\000T\000h\000e\000o\000r\000e\000m\000\040\0004\000.\0003\0003}{chapter*.2}% 55
\BOOKMARK [1][-]{section*.57}{\376\377\000T\000h\000e\000o\000r\000e\000m\000\040\0004\000.\0003\0004}{chapter*.2}% 56
\BOOKMARK [1][-]{section*.58}{\376\377\000T\000h\000e\000o\000r\000e\000m\000\040\0004\000.\0003\0005}{chapter*.2}% 57
\BOOKMARK [1][-]{section*.59}{\376\377\000T\000h\000e\000o\000r\000e\000m\000\040\0004\000.\0003\0006}{chapter*.2}% 58
\BOOKMARK [1][-]{section*.60}{\376\377\000T\000h\000e\000o\000r\000e\000m\000\040\0004\000.\0003\0007}{chapter*.2}% 59
\BOOKMARK [1][-]{section*.61}{\376\377\000T\000h\000e\000o\000r\000e\000m\000\040\0004\000.\0003\0008}{chapter*.2}% 60
\BOOKMARK [1][-]{section*.62}{\376\377\000T\000h\000e\000o\000r\000e\000m\000\040\0004\000.\0003\0009}{chapter*.2}% 61
\BOOKMARK [1][-]{section*.63}{\376\377\000T\000h\000e\000o\000r\000e\000m\000\040\0004\000.\0004\0000}{chapter*.2}% 62
\BOOKMARK [1][-]{section*.64}{\376\377\000T\000h\000e\000o\000r\000e\000m\000\040\0004\000.\0004\0001}{chapter*.2}% 63
