\BOOKMARK [1][-]{section.1}{\376\377\0001\000\040\000C\000h\000a\000p\000t\000e\000r\000\040\0007}{}% 1
\BOOKMARK [2][-]{subsection.1.1}{\376\377\0001\000.\0001\000\040\000T\000h\000e\000o\000r\000e\000m\000\040\0007\000.\0001}{section.1}% 2
\BOOKMARK [2][-]{section*.1}{\376\377\000T\000h\000e\000o\000r\000e\000m\000\040\0007\000.\0002}{section.1}% 3
\BOOKMARK [3][-]{subsubsection.1.1.1}{\376\377\0001\000.\0001\000.\0001\000\040\000P\000a\000r\000t\000\040\000a}{section*.1}% 4
\BOOKMARK [3][-]{subsubsection.1.1.2}{\376\377\0001\000.\0001\000.\0002\000\040\000P\000a\000r\000t\000\040\000b}{section*.1}% 5
\BOOKMARK [3][-]{subsubsection.1.1.3}{\376\377\0001\000.\0001\000.\0003\000\040\000P\000a\000r\000t\000\040\000c}{section*.1}% 6
\BOOKMARK [3][-]{subsubsection.1.1.4}{\376\377\0001\000.\0001\000.\0004\000\040\000P\000a\000r\000t\000\040\000d}{section*.1}% 7
\BOOKMARK [3][-]{subsubsection.1.1.5}{\376\377\0001\000.\0001\000.\0005\000\040\000P\000a\000r\000t\000\040\000e}{section*.1}% 8
\BOOKMARK [3][-]{subsubsection.1.1.6}{\376\377\0001\000.\0001\000.\0006\000\040\000P\000a\000r\000t\000\040\000f}{section*.1}% 9
\BOOKMARK [3][-]{subsubsection.1.1.7}{\376\377\0001\000.\0001\000.\0007\000\040\000P\000a\000r\000t\000\040\000g}{section*.1}% 10
\BOOKMARK [3][-]{subsubsection.1.1.8}{\376\377\0001\000.\0001\000.\0008\000\040\000P\000a\000r\000t\000\040\000h}{section*.1}% 11
\BOOKMARK [3][-]{subsubsection.1.1.9}{\376\377\0001\000.\0001\000.\0009\000\040\000P\000a\000r\000t\000\040\000i}{section*.1}% 12
\BOOKMARK [3][-]{subsubsection.1.1.10}{\376\377\0001\000.\0001\000.\0001\0000\000\040\000P\000a\000r\000t\000\040\000j}{section*.1}% 13
\BOOKMARK [3][-]{subsubsection.1.1.11}{\376\377\0001\000.\0001\000.\0001\0001\000\040\000P\000a\000r\000t\000\040\000k}{section*.1}% 14
\BOOKMARK [3][-]{subsubsection.1.1.12}{\376\377\0001\000.\0001\000.\0001\0002\000\040\000P\000a\000r\000t\000\040\000l}{section*.1}% 15
\BOOKMARK [2][-]{subsection.1.2}{\376\377\0001\000.\0002\000\040\000T\000h\000e\000o\000r\000e\000m\000\040\0007\000.\0003}{section.1}% 16
\BOOKMARK [2][-]{subsection.1.3}{\376\377\0001\000.\0003\000\040\000T\000h\000e\000o\000r\000e\000m\000\040\0007\000.\0004}{section.1}% 17
\BOOKMARK [2][-]{subsection.1.4}{\376\377\0001\000.\0004\000\040\000T\000h\000e\000o\000r\000e\000m\000\040\0007\000.\0005}{section.1}% 18
\BOOKMARK [2][-]{subsection.1.5}{\376\377\0001\000.\0005\000\040\000T\000h\000e\000o\000r\000e\000m\000\040\0007\000.\0006}{section.1}% 19
\BOOKMARK [2][-]{subsection.1.6}{\376\377\0001\000.\0006\000\040\000T\000h\000e\000o\000r\000e\000m\000\040\0007\000.\0007}{section.1}% 20
\BOOKMARK [2][-]{subsection.1.7}{\376\377\0001\000.\0007\000\040\000T\000h\000e\000o\000r\000e\000m\000\040\0007\000.\0008}{section.1}% 21
\BOOKMARK [2][-]{subsection.1.8}{\376\377\0001\000.\0008\000\040\000T\000h\000e\000o\000r\000e\000m\000\040\0007\000.\0009}{section.1}% 22
\BOOKMARK [2][-]{subsection.1.9}{\376\377\0001\000.\0009\000\040\000T\000h\000e\000o\000r\000e\000m\000\040\0007\000.\0001\0000}{section.1}% 23
\BOOKMARK [2][-]{subsection.1.10}{\376\377\0001\000.\0001\0000\000\040\000T\000h\000e\000o\000r\000e\000m\000\040\0007\000.\0001\0001}{section.1}% 24
