\BOOKMARK [0][]{chapter*.3}{\376\377\000C\000h\000a\000p\000t\000e\000r\000\040\0001}{}% 1
\BOOKMARK [1][-]{section*.4}{\376\377\000T\000h\000e\000o\000r\000e\000m\000\040\0001\000.\0001}{chapter*.3}% 2
\BOOKMARK [2][-]{section*.5}{\376\377\000T\000h\000e\000o\000r\000e\000m\000\040\0001\000.\0002}{section*.4}% 3
\BOOKMARK [2][-]{section*.6}{\376\377\000T\000h\000e\000o\000r\000e\000m\000\040\0001\000.\0003}{section*.4}% 4
\BOOKMARK [2][-]{section*.7}{\376\377\000T\000h\000e\000o\000r\000e\000m\000\040\0001\000.\0004}{section*.4}% 5
\BOOKMARK [2][-]{section*.8}{\376\377\000T\000h\000e\000o\000r\000e\000m\000\040\0001\000.\0005}{section*.4}% 6
\BOOKMARK [2][-]{section*.9}{\376\377\000T\000h\000e\000o\000r\000e\000m\000\040\0001\000.\0006}{section*.4}% 7
\BOOKMARK [2][-]{section*.10}{\376\377\000T\000h\000e\000o\000r\000e\000m\000\040\0001\000.\0007}{section*.4}% 8
\BOOKMARK [2][-]{section*.11}{\376\377\000T\000h\000e\000o\000r\000e\000m\000\040\0001\000.\0008}{section*.4}% 9
\BOOKMARK [2][-]{section*.12}{\376\377\000T\000h\000e\000o\000r\000e\000m\000\040\0001\000.\0009}{section*.4}% 10
\BOOKMARK [2][-]{section*.13}{\376\377\000T\000h\000e\000o\000r\000e\000m\000\040\0001\000.\0001\0000}{section*.4}% 11
\BOOKMARK [2][-]{section*.14}{\376\377\000T\000h\000e\000o\000r\000e\000m\000\040\0001\000.\0001\0001}{section*.4}% 12
\BOOKMARK [2][-]{section*.15}{\376\377\000T\000h\000e\000o\000r\000e\000m\000\040\0001\000.\0001\0002}{section*.4}% 13
\BOOKMARK [2][-]{section*.16}{\376\377\000T\000h\000e\000o\000r\000e\000m\000\040\0001\000.\0001\0003}{section*.4}% 14
\BOOKMARK [2][-]{section*.17}{\376\377\000T\000h\000e\000o\000r\000e\000m\000\040\0001\000.\0001\0004}{section*.4}% 15
\BOOKMARK [2][-]{section*.18}{\376\377\000T\000h\000e\000o\000r\000e\000m\000\040\0001\000.\0001\0005}{section*.4}% 16
\BOOKMARK [2][-]{section*.19}{\376\377\000T\000h\000e\000o\000r\000e\000m\000\040\0001\000.\0001\0006}{section*.4}% 17
\BOOKMARK [2][-]{section*.20}{\376\377\000T\000h\000e\000o\000r\000e\000m\000\040\0001\000.\0001\0007}{section*.4}% 18
\BOOKMARK [2][-]{section*.21}{\376\377\000T\000h\000e\000o\000r\000e\000m\000\040\0001\000.\0001\0008}{section*.4}% 19
\BOOKMARK [0][]{chapter*.23}{\376\377\000C\000h\000a\000p\000t\000e\000r\000\040\0002}{}% 20
\BOOKMARK [1][-]{section*.24}{\376\377\000T\000h\000e\000o\000r\000e\000m\000\040\0002\000.\0001}{chapter*.23}% 21
\BOOKMARK [0][]{chapter*.26}{\376\377\000C\000h\000a\000p\000t\000e\000r\000\040\0003}{}% 22
\BOOKMARK [1][-]{section*.27}{\376\377\000T\000h\000e\000o\000r\000e\000m\000\040\0003\000.\0001}{chapter*.26}% 23
\BOOKMARK [2][-]{section*.28}{\376\377\000T\000h\000e\000o\000r\000e\000m\000\040\0003\000.\0002}{section*.27}% 24
\BOOKMARK [2][-]{section*.29}{\376\377\000T\000h\000e\000o\000r\000e\000m\000\040\0003\000.\0003}{section*.27}% 25
\BOOKMARK [2][-]{section*.30}{\376\377\000T\000h\000e\000o\000r\000e\000m\000\040\0003\000.\0004}{section*.27}% 26
\BOOKMARK [2][-]{section*.31}{\376\377\000T\000h\000e\000o\000r\000e\000m\000\040\0003\000.\0005}{section*.27}% 27
\BOOKMARK [2][-]{section*.32}{\376\377\000T\000h\000e\000o\000r\000e\000m\000\040\0003\000.\0006}{section*.27}% 28
\BOOKMARK [2][-]{section*.33}{\376\377\000T\000h\000e\000o\000r\000e\000m\000\040\0003\000.\0007}{section*.27}% 29
\BOOKMARK [2][-]{section*.34}{\376\377\000T\000h\000e\000o\000r\000e\000m\000\040\0003\000.\0008}{section*.27}% 30
\BOOKMARK [2][-]{section*.35}{\376\377\000T\000h\000e\000o\000r\000e\000m\000\040\0003\000.\0009}{section*.27}% 31
\BOOKMARK [2][-]{section*.36}{\376\377\000T\000h\000e\000o\000r\000e\000m\000\040\0003\000.\0001\0000}{section*.27}% 32
\BOOKMARK [2][-]{section*.37}{\376\377\000T\000h\000e\000o\000r\000e\000m\000\040\0003\000.\0001\0001}{section*.27}% 33
\BOOKMARK [2][-]{section*.38}{\376\377\000T\000h\000e\000o\000r\000e\000m\000\040\0003\000.\0001\0002}{section*.27}% 34
\BOOKMARK [2][-]{section*.39}{\376\377\000T\000h\000e\000o\000r\000e\000m\000\040\0003\000.\0001\0003}{section*.27}% 35
\BOOKMARK [2][-]{section*.40}{\376\377\000T\000h\000e\000o\000r\000e\000m\000\040\0003\000.\0001\0004}{section*.27}% 36
\BOOKMARK [2][-]{section*.41}{\376\377\000T\000h\000e\000o\000r\000e\000m\000\040\0003\000.\0001\0005}{section*.27}% 37
\BOOKMARK [2][-]{section*.42}{\376\377\000T\000h\000e\000o\000r\000e\000m\000\040\0003\000.\0001\0006}{section*.27}% 38
\BOOKMARK [2][-]{section*.43}{\376\377\000T\000h\000e\000o\000r\000e\000m\000\040\0003\000.\0001\0007}{section*.27}% 39
\BOOKMARK [2][-]{section*.44}{\376\377\000T\000h\000e\000o\000r\000e\000m\000\040\0003\000.\0001\0008}{section*.27}% 40
\BOOKMARK [2][-]{section*.45}{\376\377\000T\000h\000e\000o\000r\000e\000m\000\040\0003\000.\0001\0009}{section*.27}% 41
\BOOKMARK [2][-]{section*.46}{\376\377\000T\000h\000e\000o\000r\000e\000m\000\040\0003\000.\0002\0000}{section*.27}% 42
\BOOKMARK [2][-]{section*.47}{\376\377\000T\000h\000e\000o\000r\000e\000m\000\040\0003\000.\0002\0001}{section*.27}% 43
\BOOKMARK [2][-]{section*.48}{\376\377\000T\000h\000e\000o\000r\000e\000m\000\040\0003\000.\0002\0002}{section*.27}% 44
\BOOKMARK [2][-]{section*.49}{\376\377\000T\000h\000e\000o\000r\000e\000m\000\040\0003\000.\0002\0003}{section*.27}% 45
\BOOKMARK [2][-]{section*.50}{\376\377\000T\000h\000e\000o\000r\000e\000m\000\040\0003\000.\0002\0004}{section*.27}% 46
\BOOKMARK [2][-]{section*.51}{\376\377\000T\000h\000e\000o\000r\000e\000m\000\040\0003\000.\0002\0005}{section*.27}% 47
\BOOKMARK [2][-]{section*.52}{\376\377\000T\000h\000e\000o\000r\000e\000m\000\040\0003\000.\0002\0006}{section*.27}% 48
\BOOKMARK [2][-]{section*.53}{\376\377\000T\000h\000e\000o\000r\000e\000m\000\040\0003\000.\0002\0007}{section*.27}% 49
\BOOKMARK [2][-]{section*.54}{\376\377\000T\000h\000e\000o\000r\000e\000m\000\040\0003\000.\0002\0008}{section*.27}% 50
\BOOKMARK [2][-]{section*.55}{\376\377\000T\000h\000e\000o\000r\000e\000m\000\040\0003\000.\0002\0009}{section*.27}% 51
\BOOKMARK [2][-]{section*.56}{\376\377\000T\000h\000e\000o\000r\000e\000m\000\040\0003\000.\0003\0000}{section*.27}% 52
\BOOKMARK [2][-]{section*.57}{\376\377\000T\000h\000e\000o\000r\000e\000m\000\040\0003\000.\0003\0001}{section*.27}% 53
\BOOKMARK [2][-]{section*.58}{\376\377\000T\000h\000e\000o\000r\000e\000m\000\040\0003\000.\0003\0002}{section*.27}% 54
\BOOKMARK [2][-]{section*.59}{\376\377\000T\000h\000e\000o\000r\000e\000m\000\040\0003\000.\0003\0003}{section*.27}% 55
\BOOKMARK [2][-]{section*.60}{\376\377\000T\000h\000e\000o\000r\000e\000m\000\040\0003\000.\0003\0004}{section*.27}% 56
\BOOKMARK [2][-]{section*.61}{\376\377\000T\000h\000e\000o\000r\000e\000m\000\040\0003\000.\0003\0005}{section*.27}% 57
\BOOKMARK [2][-]{section*.62}{\376\377\000T\000h\000e\000o\000r\000e\000m\000\040\0003\000.\0003\0006}{section*.27}% 58
\BOOKMARK [0][]{chapter*.64}{\376\377\000C\000h\000a\000p\000t\000e\000r\000\040\0004}{}% 59
\BOOKMARK [1][-]{section*.65}{\376\377\000T\000h\000e\000o\000r\000e\000m\000\040\0004\000.\0001}{chapter*.64}% 60
\BOOKMARK [2][-]{section*.66}{\376\377\000T\000h\000e\000o\000r\000e\000m\000\040\0004\000.\0002}{section*.65}% 61
\BOOKMARK [2][-]{section*.67}{\376\377\000T\000h\000e\000o\000r\000e\000m\000\040\0004\000.\0003}{section*.65}% 62
\BOOKMARK [2][-]{section*.68}{\376\377\000T\000h\000e\000o\000r\000e\000m\000\040\0004\000.\0004}{section*.65}% 63
\BOOKMARK [2][-]{section*.69}{\376\377\000T\000h\000e\000o\000r\000e\000m\000\040\0004\000.\0005}{section*.65}% 64
\BOOKMARK [2][-]{section*.70}{\376\377\000T\000h\000e\000o\000r\000e\000m\000\040\0004\000.\0006}{section*.65}% 65
\BOOKMARK [2][-]{section*.71}{\376\377\000T\000h\000e\000o\000r\000e\000m\000\040\0004\000.\0007}{section*.65}% 66
\BOOKMARK [2][-]{section*.72}{\376\377\000T\000h\000e\000o\000r\000e\000m\000\040\0004\000.\0008}{section*.65}% 67
\BOOKMARK [2][-]{section*.73}{\376\377\000T\000h\000e\000o\000r\000e\000m\000\040\0004\000.\0009}{section*.65}% 68
\BOOKMARK [2][-]{section*.74}{\376\377\000T\000h\000e\000o\000r\000e\000m\000\040\0004\000.\0001\0000}{section*.65}% 69
\BOOKMARK [2][-]{section*.75}{\376\377\000T\000h\000e\000o\000r\000e\000m\000\040\0004\000.\0001\0001}{section*.65}% 70
\BOOKMARK [2][-]{section*.76}{\376\377\000T\000h\000e\000o\000r\000e\000m\000\040\0004\000.\0001\0002}{section*.65}% 71
\BOOKMARK [2][-]{section*.77}{\376\377\000T\000h\000e\000o\000r\000e\000m\000\040\0004\000.\0001\0003}{section*.65}% 72
\BOOKMARK [2][-]{section*.78}{\376\377\000T\000h\000e\000o\000r\000e\000m\000\040\0004\000.\0001\0004}{section*.65}% 73
\BOOKMARK [2][-]{section*.79}{\376\377\000T\000h\000e\000o\000r\000e\000m\000\040\0004\000.\0001\0005}{section*.65}% 74
\BOOKMARK [2][-]{section*.80}{\376\377\000T\000h\000e\000o\000r\000e\000m\000\040\0004\000.\0001\0006}{section*.65}% 75
\BOOKMARK [2][-]{section*.81}{\376\377\000T\000h\000e\000o\000r\000e\000m\000\040\0004\000.\0001\0007}{section*.65}% 76
\BOOKMARK [2][-]{section*.82}{\376\377\000T\000h\000e\000o\000r\000e\000m\000\040\0004\000.\0001\0008}{section*.65}% 77
\BOOKMARK [2][-]{section*.83}{\376\377\000T\000h\000e\000o\000r\000e\000m\000\040\0004\000.\0001\0009}{section*.65}% 78
\BOOKMARK [2][-]{section*.84}{\376\377\000T\000h\000e\000o\000r\000e\000m\000\040\0004\000.\0002\0000}{section*.65}% 79
\BOOKMARK [2][-]{section*.85}{\376\377\000T\000h\000e\000o\000r\000e\000m\000\040\0004\000.\0002\0001}{section*.65}% 80
\BOOKMARK [2][-]{section*.86}{\376\377\000T\000h\000e\000o\000r\000e\000m\000\040\0004\000.\0002\0002}{section*.65}% 81
\BOOKMARK [2][-]{section*.87}{\376\377\000T\000h\000e\000o\000r\000e\000m\000\040\0004\000.\0002\0003}{section*.65}% 82
\BOOKMARK [2][-]{section*.88}{\376\377\000T\000h\000e\000o\000r\000e\000m\000\040\0004\000.\0002\0004}{section*.65}% 83
\BOOKMARK [2][-]{section*.89}{\376\377\000T\000h\000e\000o\000r\000e\000m\000\040\0004\000.\0002\0005}{section*.65}% 84
\BOOKMARK [2][-]{section*.90}{\376\377\000T\000h\000e\000o\000r\000e\000m\000\040\0004\000.\0002\0006}{section*.65}% 85
\BOOKMARK [2][-]{section*.91}{\376\377\000T\000h\000e\000o\000r\000e\000m\000\040\0004\000.\0002\0007}{section*.65}% 86
\BOOKMARK [2][-]{section*.92}{\376\377\000T\000h\000e\000o\000r\000e\000m\000\040\0004\000.\0002\0008}{section*.65}% 87
\BOOKMARK [2][-]{section*.93}{\376\377\000T\000h\000e\000o\000r\000e\000m\000\040\0004\000.\0002\0009}{section*.65}% 88
\BOOKMARK [2][-]{section*.94}{\376\377\000T\000h\000e\000o\000r\000e\000m\000\040\0004\000.\0003\0000}{section*.65}% 89
\BOOKMARK [2][-]{section*.95}{\376\377\000T\000h\000e\000o\000r\000e\000m\000\040\0004\000.\0003\0001}{section*.65}% 90
\BOOKMARK [2][-]{section*.96}{\376\377\000T\000h\000e\000o\000r\000e\000m\000\040\0004\000.\0003\0002}{section*.65}% 91
\BOOKMARK [2][-]{section*.97}{\376\377\000T\000h\000e\000o\000r\000e\000m\000\040\0004\000.\0003\0003}{section*.65}% 92
\BOOKMARK [2][-]{section*.98}{\376\377\000T\000h\000e\000o\000r\000e\000m\000\040\0004\000.\0003\0004}{section*.65}% 93
\BOOKMARK [2][-]{section*.99}{\376\377\000T\000h\000e\000o\000r\000e\000m\000\040\0004\000.\0003\0005}{section*.65}% 94
\BOOKMARK [2][-]{section*.100}{\376\377\000T\000h\000e\000o\000r\000e\000m\000\040\0004\000.\0003\0006}{section*.65}% 95
\BOOKMARK [2][-]{section*.101}{\376\377\000T\000h\000e\000o\000r\000e\000m\000\040\0004\000.\0003\0007}{section*.65}% 96
\BOOKMARK [2][-]{section*.102}{\376\377\000T\000h\000e\000o\000r\000e\000m\000\040\0004\000.\0003\0008}{section*.65}% 97
\BOOKMARK [2][-]{section*.103}{\376\377\000T\000h\000e\000o\000r\000e\000m\000\040\0004\000.\0003\0009}{section*.65}% 98
\BOOKMARK [2][-]{section*.104}{\376\377\000T\000h\000e\000o\000r\000e\000m\000\040\0004\000.\0004\0000}{section*.65}% 99
\BOOKMARK [2][-]{section*.105}{\376\377\000T\000h\000e\000o\000r\000e\000m\000\040\0004\000.\0004\0001}{section*.65}% 100
\BOOKMARK [0][]{chapter*.107}{\376\377\000C\000h\000a\000p\000t\000e\000r\000\040\0005}{}% 101
\BOOKMARK [1][-]{subsection*.108}{\376\377\000T\000h\000e\000o\000r\000e\000m\000\040\0005\000.\0001}{chapter*.107}% 102
\BOOKMARK [2][-]{subsection*.109}{\376\377\000T\000h\000e\000o\000r\000e\000m\000\040\0005\000.\0002}{subsection*.108}% 103
\BOOKMARK [2][-]{subsection*.110}{\376\377\000T\000h\000e\000o\000r\000e\000m\000\040\0005\000.\0003}{subsection*.108}% 104
\BOOKMARK [2][-]{subsection*.111}{\376\377\000T\000h\000e\000o\000r\000e\000m\000\040\0005\000.\0004}{subsection*.108}% 105
\BOOKMARK [2][-]{subsection*.112}{\376\377\000T\000h\000e\000o\000r\000e\000m\000\040\0005\000.\0005}{subsection*.108}% 106
\BOOKMARK [2][-]{subsection*.113}{\376\377\000T\000h\000e\000o\000r\000e\000m\000\040\0005\000.\0006}{subsection*.108}% 107
\BOOKMARK [2][-]{subsection*.114}{\376\377\000T\000h\000e\000o\000r\000e\000m\000\040\0005\000.\0007}{subsection*.108}% 108
\BOOKMARK [2][-]{subsection*.115}{\376\377\000T\000h\000e\000o\000r\000e\000m\000\040\0005\000.\0008}{subsection*.108}% 109
\BOOKMARK [0][]{chapter*.117}{\376\377\000C\000h\000a\000p\000t\000e\000r\000\040\0006}{}% 110
\BOOKMARK [1][-]{subsection*.118}{\376\377\000T\000h\000e\000o\000r\000e\000m\000\040\0006\000.\0001}{chapter*.117}% 111
\BOOKMARK [2][-]{subsection*.119}{\376\377\000T\000h\000e\000o\000r\000e\000m\000\040\0006\000.\0002}{subsection*.118}% 112
\BOOKMARK [2][-]{subsection*.120}{\376\377\000T\000h\000e\000o\000r\000e\000m\000\040\0006\000.\0003}{subsection*.118}% 113
\BOOKMARK [2][-]{subsection*.121}{\376\377\000T\000h\000e\000o\000r\000e\000m\000\040\0006\000.\0004}{subsection*.118}% 114
\BOOKMARK [2][-]{subsection*.122}{\376\377\000T\000h\000e\000o\000r\000e\000m\000\040\0006\000.\0005}{subsection*.118}% 115
\BOOKMARK [2][-]{subsection*.123}{\376\377\000T\000h\000e\000o\000r\000e\000m\000\040\0006\000.\0006}{subsection*.118}% 116
\BOOKMARK [2][-]{subsection*.124}{\376\377\000T\000h\000e\000o\000r\000e\000m\000\040\0006\000.\0007}{subsection*.118}% 117
\BOOKMARK [2][-]{subsection*.125}{\376\377\000T\000h\000e\000o\000r\000e\000m\000\040\0006\000.\0008}{subsection*.118}% 118
\BOOKMARK [2][-]{subsection*.126}{\376\377\000T\000h\000e\000o\000r\000e\000m\000\040\0006\000.\0009}{subsection*.118}% 119
\BOOKMARK [2][-]{subsection*.127}{\376\377\000T\000h\000e\000o\000r\000e\000m\000\040\0006\000.\0001\0000}{subsection*.118}% 120
\BOOKMARK [2][-]{subsection*.128}{\376\377\000T\000h\000e\000o\000r\000e\000m\000\040\0006\000.\0001\0001}{subsection*.118}% 121
\BOOKMARK [2][-]{subsection*.129}{\376\377\000T\000h\000e\000o\000r\000e\000m\000\040\0006\000.\0001\0002}{subsection*.118}% 122
\BOOKMARK [2][-]{subsection*.130}{\376\377\000T\000h\000e\000o\000r\000e\000m\000\040\0006\000.\0001\0003}{subsection*.118}% 123
\BOOKMARK [2][-]{subsection*.131}{\376\377\000T\000h\000e\000o\000r\000e\000m\000\040\0006\000.\0001\0004}{subsection*.118}% 124
\BOOKMARK [2][-]{subsection*.132}{\376\377\000T\000h\000e\000o\000r\000e\000m\000\040\0006\000.\0001\0005}{subsection*.118}% 125
\BOOKMARK [0][]{chapter*.134}{\376\377\000C\000h\000a\000p\000t\000e\000r\000\040\0007}{}% 126
\BOOKMARK [1][-]{subsection*.135}{\376\377\000T\000h\000e\000o\000r\000e\000m\000\040\0007\000.\0001}{chapter*.134}% 127
\BOOKMARK [2][-]{section*.136}{\376\377\000T\000h\000e\000o\000r\000e\000m\000\040\0007\000.\0002}{subsection*.135}% 128
\BOOKMARK [2][-]{subsection*.149}{\376\377\000T\000h\000e\000o\000r\000e\000m\000\040\0007\000.\0003}{subsection*.135}% 129
\BOOKMARK [2][-]{subsection*.150}{\376\377\000T\000h\000e\000o\000r\000e\000m\000\040\0007\000.\0004}{subsection*.135}% 130
\BOOKMARK [2][-]{subsection*.151}{\376\377\000T\000h\000e\000o\000r\000e\000m\000\040\0007\000.\0005}{subsection*.135}% 131
\BOOKMARK [2][-]{subsection*.152}{\376\377\000T\000h\000e\000o\000r\000e\000m\000\040\0007\000.\0006}{subsection*.135}% 132
\BOOKMARK [2][-]{subsection*.153}{\376\377\000T\000h\000e\000o\000r\000e\000m\000\040\0007\000.\0007}{subsection*.135}% 133
\BOOKMARK [2][-]{subsection*.154}{\376\377\000T\000h\000e\000o\000r\000e\000m\000\040\0007\000.\0008}{subsection*.135}% 134
\BOOKMARK [2][-]{subsection*.155}{\376\377\000T\000h\000e\000o\000r\000e\000m\000\040\0007\000.\0009}{subsection*.135}% 135
\BOOKMARK [2][-]{subsection*.156}{\376\377\000T\000h\000e\000o\000r\000e\000m\000\040\0007\000.\0001\0000}{subsection*.135}% 136
\BOOKMARK [2][-]{subsection*.157}{\376\377\000T\000h\000e\000o\000r\000e\000m\000\040\0007\000.\0001\0001}{subsection*.135}% 137
\BOOKMARK [0][]{chapter*.159}{\376\377\000C\000h\000a\000p\000t\000e\000r\000\040\0008}{}% 138
\BOOKMARK [1][-]{section*.160}{\376\377\000T\000h\000e\000o\000r\000e\000m\000\040\0008\000.\0001}{chapter*.159}% 139
\BOOKMARK [2][-]{section*.161}{\376\377\000T\000h\000e\000o\000r\000e\000m\000\040\0008\000.\0002}{section*.160}% 140
\BOOKMARK [2][-]{section*.162}{\376\377\000T\000h\000e\000o\000r\000e\000m\000\040\0008\000.\0003}{section*.160}% 141
\BOOKMARK [2][-]{section*.163}{\376\377\000T\000h\000e\000o\000r\000e\000m\000\040\0008\000.\0004}{section*.160}% 142
\BOOKMARK [2][-]{section*.164}{\376\377\000T\000h\000e\000o\000r\000e\000m\000\040\0008\000.\0005}{section*.160}% 143
\BOOKMARK [2][-]{section*.165}{\376\377\000T\000h\000e\000o\000r\000e\000m\000\040\0008\000.\0006}{section*.160}% 144
\BOOKMARK [2][-]{section*.166}{\376\377\000T\000h\000e\000o\000r\000e\000m\000\040\0008\000.\0007}{section*.160}% 145
\BOOKMARK [2][-]{section*.167}{\376\377\000T\000h\000e\000o\000r\000e\000m\000\040\0008\000.\0008}{section*.160}% 146
\BOOKMARK [2][-]{section*.168}{\376\377\000T\000h\000e\000o\000r\000e\000m\000\040\0008\000.\0009}{section*.160}% 147
\BOOKMARK [2][-]{section*.169}{\376\377\000T\000h\000e\000o\000r\000e\000m\000\040\0008\000.\0001\0000}{section*.160}% 148
\BOOKMARK [2][-]{section*.170}{\376\377\000T\000h\000e\000o\000r\000e\000m\000\040\0008\000.\0001\0001}{section*.160}% 149
\BOOKMARK [2][-]{section*.171}{\376\377\000T\000h\000e\000o\000r\000e\000m\000\040\0008\000.\0001\0002}{section*.160}% 150
\BOOKMARK [2][-]{section*.172}{\376\377\000T\000h\000e\000o\000r\000e\000m\000\040\0008\000.\0001\0003}{section*.160}% 151
\BOOKMARK [2][-]{section*.173}{\376\377\000T\000h\000e\000o\000r\000e\000m\000\040\0008\000.\0001\0004}{section*.160}% 152
\BOOKMARK [2][-]{section*.174}{\376\377\000T\000h\000e\000o\000r\000e\000m\000\040\0008\000.\0001\0005}{section*.160}% 153
\BOOKMARK [2][-]{section*.175}{\376\377\000T\000h\000e\000o\000r\000e\000m\000\040\0008\000.\0001\0006}{section*.160}% 154
\BOOKMARK [2][-]{section*.176}{\376\377\000T\000h\000e\000o\000r\000e\000m\000\040\0008\000.\0001\0007}{section*.160}% 155
\BOOKMARK [2][-]{section*.177}{\376\377\000T\000h\000e\000o\000r\000e\000m\000\040\0008\000.\0001\0008}{section*.160}% 156
\BOOKMARK [2][-]{section*.178}{\376\377\000T\000h\000e\000o\000r\000e\000m\000\040\0008\000.\0001\0009}{section*.160}% 157
\BOOKMARK [2][-]{section*.179}{\376\377\000T\000h\000e\000o\000r\000e\000m\000\040\0008\000.\0002\0000}{section*.160}% 158
