\BOOKMARK [0][]{chapter*.2}{\376\377\000C\000h\000a\000p\000t\000e\000r\000\040\0001}{}% 1
\BOOKMARK [1][-]{section*.3}{\376\377\000T\000h\000e\000o\000r\000e\000m\000\040\0001\000.\0001}{chapter*.2}% 2
\BOOKMARK [1][-]{section*.4}{\376\377\000T\000h\000e\000o\000r\000e\000m\000\040\0001\000.\0002}{chapter*.2}% 3
\BOOKMARK [1][-]{section*.5}{\376\377\000T\000h\000e\000o\000r\000e\000m\000\040\0001\000.\0003}{chapter*.2}% 4
\BOOKMARK [1][-]{section*.6}{\376\377\000T\000h\000e\000o\000r\000e\000m\000\040\0001\000.\0004}{chapter*.2}% 5
\BOOKMARK [1][-]{section*.7}{\376\377\000T\000h\000e\000o\000r\000e\000m\000\040\0001\000.\0005}{chapter*.2}% 6
\BOOKMARK [1][-]{section*.8}{\376\377\000T\000h\000e\000o\000r\000e\000m\000\040\0001\000.\0006}{chapter*.2}% 7
\BOOKMARK [1][-]{section*.9}{\376\377\000T\000h\000e\000o\000r\000e\000m\000\040\0001\000.\0007}{chapter*.2}% 8
\BOOKMARK [1][-]{section*.10}{\376\377\000T\000h\000e\000o\000r\000e\000m\000\040\0001\000.\0008}{chapter*.2}% 9
\BOOKMARK [1][-]{section*.11}{\376\377\000T\000h\000e\000o\000r\000e\000m\000\040\0001\000.\0009}{chapter*.2}% 10
\BOOKMARK [1][-]{section*.12}{\376\377\000T\000h\000e\000o\000r\000e\000m\000\040\0001\000.\0001\0000}{chapter*.2}% 11
\BOOKMARK [1][-]{section*.13}{\376\377\000T\000h\000e\000o\000r\000e\000m\000\040\0001\000.\0001\0001}{chapter*.2}% 12
\BOOKMARK [1][-]{section*.14}{\376\377\000T\000h\000e\000o\000r\000e\000m\000\040\0001\000.\0001\0002}{chapter*.2}% 13
\BOOKMARK [1][-]{section*.15}{\376\377\000T\000h\000e\000o\000r\000e\000m\000\040\0001\000.\0001\0003}{chapter*.2}% 14
\BOOKMARK [1][-]{section*.16}{\376\377\000T\000h\000e\000o\000r\000e\000m\000\040\0001\000.\0001\0004}{chapter*.2}% 15
\BOOKMARK [1][-]{section*.17}{\376\377\000T\000h\000e\000o\000r\000e\000m\000\040\0001\000.\0001\0005}{chapter*.2}% 16
\BOOKMARK [1][-]{section*.18}{\376\377\000T\000h\000e\000o\000r\000e\000m\000\040\0001\000.\0001\0006}{chapter*.2}% 17
\BOOKMARK [1][-]{section*.19}{\376\377\000T\000h\000e\000o\000r\000e\000m\000\040\0001\000.\0001\0007}{chapter*.2}% 18
\BOOKMARK [1][-]{section*.20}{\376\377\000T\000h\000e\000o\000r\000e\000m\000\040\0001\000.\0001\0008}{chapter*.2}% 19
\BOOKMARK [1][-]{section*.21}{\376\377\000E\000x\000e\000r\000c\000i\000s\000e\000s}{chapter*.2}% 20
\BOOKMARK [2][-]{section*.22}{\376\377\000E\000x\000e\000r\000c\000i\000s\000e\000\040\0001\000.\0001}{section*.21}% 21
\BOOKMARK [2][-]{section*.23}{\376\377\000E\000x\000e\000r\000c\000i\000s\000e\000\040\0001\000.\0002}{section*.21}% 22
\BOOKMARK [2][-]{section*.24}{\376\377\000E\000x\000e\000r\000c\000i\000s\000e\000\040\0001\000.\0003}{section*.21}% 23
\BOOKMARK [2][-]{section*.25}{\376\377\000E\000x\000e\000r\000c\000i\000s\000e\000\040\0001\000.\0004}{section*.21}% 24
\BOOKMARK [2][-]{section*.26}{\376\377\000E\000x\000e\000r\000c\000i\000s\000e\000\040\0001\000.\0005}{section*.21}% 25
\BOOKMARK [2][-]{section*.27}{\376\377\000E\000x\000e\000r\000c\000i\000s\000e\000\040\0001\000.\0006}{section*.21}% 26
\BOOKMARK [2][-]{section*.28}{\376\377\000E\000x\000e\000r\000c\000i\000s\000e\000\040\0001\000.\0007}{section*.21}% 27
\BOOKMARK [2][-]{section*.29}{\376\377\000E\000x\000e\000r\000c\000i\000s\000e\000\040\0001\000.\0008}{section*.21}% 28
\BOOKMARK [2][-]{section*.30}{\376\377\000E\000x\000e\000r\000c\000i\000s\000e\000\040\0001\000.\0009}{section*.21}% 29
\BOOKMARK [2][-]{section*.31}{\376\377\000E\000x\000e\000r\000c\000i\000s\000e\000\040\0001\000.\0001\0000}{section*.21}% 30
\BOOKMARK [2][-]{section*.32}{\376\377\000E\000x\000e\000r\000c\000i\000s\000e\000\040\0001\000.\0001\0001}{section*.21}% 31
\BOOKMARK [2][-]{section*.33}{\376\377\000E\000x\000e\000r\000c\000i\000s\000e\000\040\0001\000.\0001\0002}{section*.21}% 32
\BOOKMARK [2][-]{section*.34}{\376\377\000E\000x\000e\000r\000c\000i\000s\000e\000\040\0001\000.\0001\0003}{section*.21}% 33
\BOOKMARK [2][-]{section*.35}{\376\377\000E\000x\000e\000r\000c\000i\000s\000e\000\040\0001\000.\0001\0004}{section*.21}% 34
\BOOKMARK [2][-]{section*.36}{\376\377\000E\000x\000e\000r\000c\000i\000s\000e\000\040\0001\000.\0001\0005}{section*.21}% 35
\BOOKMARK [2][-]{section*.37}{\376\377\000E\000x\000e\000r\000c\000i\000s\000e\000\040\0001\000.\0001\0006}{section*.21}% 36
\BOOKMARK [2][-]{section*.38}{\376\377\000E\000x\000e\000r\000c\000i\000s\000e\000\040\0001\000.\0001\0007}{section*.21}% 37
\BOOKMARK [2][-]{section*.39}{\376\377\000E\000x\000e\000r\000c\000i\000s\000e\000\040\0001\000.\0001\0008}{section*.21}% 38
\BOOKMARK [2][-]{section*.40}{\376\377\000E\000x\000e\000r\000c\000i\000s\000e\000\040\0001\000.\0001\0009}{section*.21}% 39
\BOOKMARK [2][-]{section*.41}{\376\377\000E\000x\000e\000r\000c\000i\000s\000e\000\040\0001\000.\0002\0000}{section*.21}% 40
\BOOKMARK [2][-]{section*.42}{\376\377\000E\000x\000e\000r\000c\000i\000s\000e\000\040\0001\000.\0002\0001}{section*.21}% 41
\BOOKMARK [2][-]{section*.43}{\376\377\000E\000x\000e\000r\000c\000i\000s\000e\000\040\0001\000.\0002\0002}{section*.21}% 42
\BOOKMARK [2][-]{section*.44}{\376\377\000E\000x\000e\000r\000c\000i\000s\000e\000\040\0001\000.\0002\0003}{section*.21}% 43
\BOOKMARK [2][-]{section*.45}{\376\377\000E\000x\000e\000r\000c\000i\000s\000e\000\040\0001\000.\0002\0004}{section*.21}% 44
